[   393.058] (--) Log file renamed from "/home/nouji/.local/share/xorg/Xorg.pid-4171.log" to "/home/nouji/.local/share/xorg/Xorg.0.log"
[   393.058] 
X.Org X Server 1.19.6
Release Date: 2017-12-20
[   393.058] X Protocol Version 11, Revision 0
[   393.058] Build Operating System: Linux 4.4.0-119-generic x86_64 Ubuntu
[   393.059] Current Operating System: Linux nouji-VirtualBox 4.15.0-29-generic #31-Ubuntu SMP Tue Jul 17 15:39:52 UTC 2018 x86_64
[   393.059] Kernel command line: BOOT_IMAGE=/boot/vmlinuz-4.15.0-29-generic root=UUID=a6d7eec6-c321-44a5-84b7-15ff0b4513c6 ro quiet splash
[   393.059] Build Date: 13 April 2018  08:07:36PM
[   393.059] xorg-server 2:1.19.6-1ubuntu4 (For technical support please see http://www.ubuntu.com/support) 
[   393.059] Current version of pixman: 0.34.0
[   393.059] 	Before reporting problems, check http://wiki.x.org
	to make sure that you have the latest version.
[   393.059] Markers: (--) probed, (**) from config file, (==) default setting,
	(++) from command line, (!!) notice, (II) informational,
	(WW) warning, (EE) error, (NI) not implemented, (??) unknown.
[   393.060] (==) Log file: "/home/nouji/.local/share/xorg/Xorg.0.log", Time: Fri Feb  1 01:19:07 2019
[   393.060] (==) Using system config directory "/usr/share/X11/xorg.conf.d"
[   393.060] (==) No Layout section.  Using the first Screen section.
[   393.061] (==) No screen section available. Using defaults.
[   393.061] (**) |-->Screen "Default Screen Section" (0)
[   393.061] (**) |   |-->Monitor "<default monitor>"
[   393.062] (==) No monitor specified for screen "Default Screen Section".
	Using a default monitor configuration.
[   393.062] (==) Automatically adding devices
[   393.062] (==) Automatically enabling devices
[   393.062] (==) Automatically adding GPU devices
[   393.062] (==) Automatically binding GPU devices
[   393.062] (==) Max clients allowed: 256, resource mask: 0x1fffff
[   393.062] (WW) The directory "/usr/share/fonts/X11/cyrillic" does not exist.
[   393.063] 	Entry deleted from font path.
[   393.063] (WW) The directory "/usr/share/fonts/X11/100dpi/" does not exist.
[   393.063] 	Entry deleted from font path.
[   393.063] (WW) The directory "/usr/share/fonts/X11/75dpi/" does not exist.
[   393.063] 	Entry deleted from font path.
[   393.063] (WW) The directory "/usr/share/fonts/X11/100dpi" does not exist.
[   393.063] 	Entry deleted from font path.
[   393.063] (WW) The directory "/usr/share/fonts/X11/75dpi" does not exist.
[   393.063] 	Entry deleted from font path.
[   393.064] (==) FontPath set to:
	/usr/share/fonts/X11/misc,
	/usr/share/fonts/X11/Type1,
	built-ins
[   393.064] (==) ModulePath set to "/usr/lib/xorg/modules"
[   393.064] (II) The server relies on udev to provide the list of input devices.
	If no devices become available, reconfigure udev or disable AutoAddDevices.
[   393.064] (II) Loader magic: 0x55c8653b3020
[   393.064] (II) Module ABI versions:
[   393.064] 	X.Org ANSI C Emulation: 0.4
[   393.064] 	X.Org Video Driver: 23.0
[   393.064] 	X.Org XInput driver : 24.1
[   393.064] 	X.Org Server Extension : 10.0
[   393.065] (++) using VT number 2

[   393.069] (II) systemd-logind: took control of session /org/freedesktop/login1/session/_35
[   393.069] (II) xfree86: Adding drm device (/dev/dri/card0)
[   393.071] (II) systemd-logind: got fd for /dev/dri/card0 226:0 fd 12 paused 0
[   393.073] (--) PCI:*(0:0:2:0) 15ad:0405:15ad:0405 rev 0, Mem @ 0xf0000000/134217728, 0xf8000000/2097152, I/O @ 0x0000d010/16, BIOS @ 0x????????/131072
[   393.073] (II) LoadModule: "glx"
[   393.073] (II) Loading /usr/lib/xorg/modules/extensions/libglx.so
[   393.085] (II) Module glx: vendor="X.Org Foundation"
[   393.085] 	compiled for 1.19.6, module version = 1.0.0
[   393.085] 	ABI class: X.Org Server Extension, version 10.0
[   393.085] (==) Matched vmware as autoconfigured driver 0
[   393.085] (==) Matched vmware as autoconfigured driver 1
[   393.085] (==) Matched modesetting as autoconfigured driver 2
[   393.085] (==) Matched fbdev as autoconfigured driver 3
[   393.085] (==) Matched vesa as autoconfigured driver 4
[   393.085] (==) Assigned the driver to the xf86ConfigLayout
[   393.085] (II) LoadModule: "vmware"
[   393.085] (II) Loading /usr/lib/xorg/modules/drivers/vmware_drv.so
[   393.116] (II) Module vmware: vendor="X.Org Foundation"
[   393.116] 	compiled for 1.19.3, module version = 13.2.1
[   393.116] 	Module class: X.Org Video Driver
[   393.116] 	ABI class: X.Org Video Driver, version 23.0
[   393.116] (II) LoadModule: "modesetting"
[   393.116] (II) Loading /usr/lib/xorg/modules/drivers/modesetting_drv.so
[   393.116] (II) Module modesetting: vendor="X.Org Foundation"
[   393.116] 	compiled for 1.19.6, module version = 1.19.6
[   393.116] 	Module class: X.Org Video Driver
[   393.116] 	ABI class: X.Org Video Driver, version 23.0
[   393.116] (II) LoadModule: "fbdev"
[   393.116] (II) Loading /usr/lib/xorg/modules/drivers/fbdev_drv.so
[   393.116] (II) Module fbdev: vendor="X.Org Foundation"
[   393.116] 	compiled for 1.19.3, module version = 0.4.4
[   393.116] 	Module class: X.Org Video Driver
[   393.116] 	ABI class: X.Org Video Driver, version 23.0
[   393.116] (II) LoadModule: "vesa"
[   393.116] (II) Loading /usr/lib/xorg/modules/drivers/vesa_drv.so
[   393.116] (II) Module vesa: vendor="X.Org Foundation"
[   393.116] 	compiled for 1.19.3, module version = 2.3.4
[   393.116] 	Module class: X.Org Video Driver
[   393.117] 	ABI class: X.Org Video Driver, version 23.0
[   393.117] (II) vmware: driver for VMware SVGA: vmware0405, vmware0710
[   393.117] (II) modesetting: Driver for Modesetting Kernel Drivers: kms
[   393.117] (II) FBDEV: driver for framebuffer: fbdev
[   393.117] (II) VESA: driver for VESA chipsets: vesa
[   393.117] xf86EnableIOPorts: failed to set IOPL for I/O (Operation not permitted)
[   393.117] (WW) Falling back to old probe method for modesetting
[   393.117] (WW) Falling back to old probe method for fbdev
[   393.117] (II) Loading sub module "fbdevhw"
[   393.117] (II) LoadModule: "fbdevhw"
[   393.117] (II) Loading /usr/lib/xorg/modules/libfbdevhw.so
[   393.117] (II) Module fbdevhw: vendor="X.Org Foundation"
[   393.117] 	compiled for 1.19.6, module version = 0.0.2
[   393.117] 	ABI class: X.Org Video Driver, version 23.0
[   393.117] (EE) open /dev/fb0: Permission denied
[   393.117] (WW) Falling back to old probe method for vesa
[   393.117] (WW) VGA arbiter: cannot open kernel arbiter, no multi-card support
[   393.117] (II) vmware(0): Creating default Display subsection in Screen section
	"Default Screen Section" for depth/fbbpp 24/32
[   393.117] (--) vmware(0): DRM driver version is 2.14.0
[   393.117] (==) vmware(0): Depth 24, (--) framebuffer bpp 32
[   393.117] (==) vmware(0): RGB weight 888
[   393.117] (==) vmware(0): Default visual is TrueColor
[   393.117] (--) vmware(0): Min width 1, Max Width 8192.
[   393.117] (--) vmware(0): Min height 1, Max Height 8192.
[   393.117] (II) vmware(0): Output Virtual1 has no monitor section
[   393.117] (II) vmware(0): Output Virtual2 has no monitor section
[   393.117] (II) vmware(0): Output Virtual3 has no monitor section
[   393.117] (II) vmware(0): Output Virtual4 has no monitor section
[   393.117] (II) vmware(0): Output Virtual5 has no monitor section
[   393.117] (II) vmware(0): Output Virtual6 has no monitor section
[   393.117] (II) vmware(0): Output Virtual7 has no monitor section
[   393.117] (II) vmware(0): Output Virtual8 has no monitor section
[   393.117] (II) vmware(0): Printing probed modes for output Virtual1
[   393.117] (II) vmware(0): Modeline "942x663"x60.0   53.26  942 992 1042 1092  663 713 763 813 -hsync +vsync (48.8 kHz eP)
[   393.117] (II) vmware(0): Modeline "2560x1600"x60.0  348.50  2560 2752 3032 3504  1600 1603 1609 1658 -hsync +vsync (99.5 kHz e)
[   393.117] (II) vmware(0): Modeline "1920x1440"x60.0  234.00  1920 2048 2256 2600  1440 1441 1444 1500 -hsync +vsync (90.0 kHz e)
[   393.117] (II) vmware(0): Modeline "1856x1392"x60.0  218.25  1856 1952 2176 2528  1392 1393 1396 1439 -hsync +vsync (86.3 kHz e)
[   393.117] (II) vmware(0): Modeline "1792x1344"x60.0  204.75  1792 1920 2120 2448  1344 1345 1348 1394 -hsync +vsync (83.6 kHz e)
[   393.118] (II) vmware(0): Modeline "1920x1200"x59.9  193.25  1920 2056 2256 2592  1200 1203 1209 1245 -hsync +vsync (74.6 kHz e)
[   393.118] (II) vmware(0): Modeline "1600x1200"x60.0  162.00  1600 1664 1856 2160  1200 1201 1204 1250 +hsync +vsync (75.0 kHz e)
[   393.118] (II) vmware(0): Modeline "1680x1050"x60.0  146.25  1680 1784 1960 2240  1050 1053 1059 1089 -hsync +vsync (65.3 kHz e)
[   393.118] (II) vmware(0): Modeline "1400x1050"x60.0  121.75  1400 1488 1632 1864  1050 1053 1057 1089 -hsync +vsync (65.3 kHz e)
[   393.118] (II) vmware(0): Modeline "1280x1024"x60.0  108.00  1280 1328 1440 1688  1024 1025 1028 1066 +hsync +vsync (64.0 kHz e)
[   393.118] (II) vmware(0): Modeline "1440x900"x59.9  106.50  1440 1520 1672 1904  900 903 909 934 -hsync +vsync (55.9 kHz e)
[   393.118] (II) vmware(0): Modeline "1280x960"x60.0  108.00  1280 1376 1488 1800  960 961 964 1000 +hsync +vsync (60.0 kHz e)
[   393.118] (II) vmware(0): Modeline "1360x768"x60.0   85.50  1360 1424 1536 1792  768 771 777 795 +hsync +vsync (47.7 kHz e)
[   393.118] (II) vmware(0): Modeline "1280x800"x59.8   83.50  1280 1352 1480 1680  800 803 809 831 +hsync -vsync (49.7 kHz e)
[   393.118] (II) vmware(0): Modeline "1152x864"x75.0  108.00  1152 1216 1344 1600  864 865 868 900 +hsync +vsync (67.5 kHz e)
[   393.118] (II) vmware(0): Modeline "1280x768"x59.9   79.50  1280 1344 1472 1664  768 771 778 798 -hsync +vsync (47.8 kHz e)
[   393.118] (II) vmware(0): Modeline "1024x768"x60.0   65.00  1024 1048 1184 1344  768 771 777 806 -hsync -vsync (48.4 kHz e)
[   393.118] (II) vmware(0): Modeline "800x600"x60.3   40.00  800 840 968 1056  600 601 605 628 +hsync +vsync (37.9 kHz e)
[   393.118] (II) vmware(0): Modeline "640x480"x59.9   25.18  640 656 752 800  480 489 492 525 -hsync -vsync (31.5 kHz e)
[   393.118] (II) vmware(0): EDID for output Virtual2
[   393.118] (II) vmware(0): EDID for output Virtual3
[   393.118] (II) vmware(0): EDID for output Virtual4
[   393.118] (II) vmware(0): EDID for output Virtual5
[   393.118] (II) vmware(0): EDID for output Virtual6
[   393.118] (II) vmware(0): EDID for output Virtual7
[   393.118] (II) vmware(0): EDID for output Virtual8
[   393.118] (II) vmware(0): Output Virtual1 connected
[   393.118] (II) vmware(0): Output Virtual2 disconnected
[   393.118] (II) vmware(0): Output Virtual3 disconnected
[   393.118] (II) vmware(0): Output Virtual4 disconnected
[   393.118] (II) vmware(0): Output Virtual5 disconnected
[   393.118] (II) vmware(0): Output Virtual6 disconnected
[   393.118] (II) vmware(0): Output Virtual7 disconnected
[   393.118] (II) vmware(0): Output Virtual8 disconnected
[   393.118] (II) vmware(0): Using exact sizes for initial modes
[   393.118] (II) vmware(0): Output Virtual1 using initial mode 942x663 +0+0
[   393.118] (==) vmware(0): DPI set to (96, 96)
[   393.118] (==) vmware(0): Using gamma correction (1.0, 1.0, 1.0)
[   393.118] (II) Loading sub module "fb"
[   393.118] (II) LoadModule: "fb"
[   393.118] (II) Loading /usr/lib/xorg/modules/libfb.so
[   393.118] (II) Module fb: vendor="X.Org Foundation"
[   393.118] 	compiled for 1.19.6, module version = 1.0.0
[   393.118] 	ABI class: X.Org ANSI C Emulation, version 0.4
[   393.118] (II) Loading sub module "dri2"
[   393.118] (II) LoadModule: "dri2"
[   393.118] (II) Module "dri2" already built-in
[   393.118] (II) UnloadModule: "modesetting"
[   393.118] (II) Unloading modesetting
[   393.118] (II) UnloadModule: "fbdev"
[   393.118] (II) Unloading fbdev
[   393.118] (II) UnloadSubModule: "fbdevhw"
[   393.118] (II) Unloading fbdevhw
[   393.118] (II) UnloadModule: "vesa"
[   393.118] (II) Unloading vesa
[   393.119] (==) Depth 24 pixmap format is 32 bpp
[   393.119] (II) vmware(0): Initialized VMWARE_CTRL extension version 0.2
[   393.124] (II) vmware(0): Gallium3D XA version: 2.3.0.
[   393.124] (II) vmware(0): Path of drm device is "/dev/dri/card0".
[   393.124] (II) vmware(0): [DRI2] Setup complete
[   393.124] (II) vmware(0): [DRI2]   DRI driver: vmwgfx
[   393.124] (--) vmware(0): Render acceleration is enabled.
[   393.124] (==) vmware(0): Rendercheck mode is disabled.
[   393.124] (--) vmware(0): Direct rendering (3D) is enabled.
[   393.124] (==) vmware(0): Direct presents are disabled.
[   393.124] (==) vmware(0): Hardware only presents are disabled.
[   393.124] (==) vmware(0): Backing store enabled
[   393.124] (==) vmware(0): Silken mouse enabled
[   393.124] (II) vmware(0): RandR 1.2 enabled, ignore the following RandR disabled message.
[   393.125] (==) vmware(0): DPMS enabled
[   393.125] (--) RandR disabled
[   393.130] (II) SELinux: Disabled on system
[   393.141] (II) AIGLX: enabled GLX_MESA_copy_sub_buffer
[   393.141] (II) AIGLX: enabled GLX_ARB_create_context
[   393.141] (II) AIGLX: enabled GLX_ARB_create_context_profile
[   393.141] (II) AIGLX: enabled GLX_EXT_create_context_es{,2}_profile
[   393.141] (II) AIGLX: enabled GLX_EXT_framebuffer_sRGB
[   393.141] (II) AIGLX: enabled GLX_ARB_fbconfig_float
[   393.141] (II) AIGLX: enabled GLX_EXT_fbconfig_packed_float
[   393.141] (II) AIGLX: GLX_EXT_texture_from_pixmap backed by buffer objects
[   393.141] (II) AIGLX: Loaded and initialized vmwgfx
[   393.141] (II) GLX: Initialized DRI2 GL provider for screen 0
[   393.147] (II) vmware(0): Setting screen physical size to 249 x 175
[   393.215] (II) config/udev: Adding input device Power Button (/dev/input/event0)
[   393.215] (**) Power Button: Applying InputClass "libinput keyboard catchall"
[   393.215] (II) LoadModule: "libinput"
[   393.216] (II) Loading /usr/lib/xorg/modules/input/libinput_drv.so
[   393.219] (II) Module libinput: vendor="X.Org Foundation"
[   393.219] 	compiled for 1.19.6, module version = 0.27.1
[   393.219] 	Module class: X.Org XInput Driver
[   393.219] 	ABI class: X.Org XInput driver, version 24.1
[   393.219] (II) Using input driver 'libinput' for 'Power Button'
[   393.220] (II) systemd-logind: got fd for /dev/input/event0 13:64 fd 24 paused 0
[   393.220] (**) Power Button: always reports core events
[   393.220] (**) Option "Device" "/dev/input/event0"
[   393.220] (**) Option "_source" "server/udev"
[   393.221] (II) event0  - Power Button: is tagged by udev as: Keyboard
[   393.221] (II) event0  - Power Button: device is a keyboard
[   393.221] (II) event0  - Power Button: device removed
[   393.221] (**) Option "config_info" "udev:/sys/devices/LNXSYSTM:00/LNXPWRBN:00/input/input0/event0"
[   393.221] (II) XINPUT: Adding extended input device "Power Button" (type: KEYBOARD, id 6)
[   393.221] (**) Option "xkb_model" "pc105"
[   393.221] (**) Option "xkb_layout" "us"
[   393.222] (II) event0  - Power Button: is tagged by udev as: Keyboard
[   393.222] (II) event0  - Power Button: device is a keyboard
[   393.223] (II) config/udev: Adding input device Sleep Button (/dev/input/event1)
[   393.223] (**) Sleep Button: Applying InputClass "libinput keyboard catchall"
[   393.223] (II) Using input driver 'libinput' for 'Sleep Button'
[   393.224] (II) systemd-logind: got fd for /dev/input/event1 13:65 fd 27 paused 0
[   393.224] (**) Sleep Button: always reports core events
[   393.224] (**) Option "Device" "/dev/input/event1"
[   393.224] (**) Option "_source" "server/udev"
[   393.225] (II) event1  - Sleep Button: is tagged by udev as: Keyboard
[   393.225] (II) event1  - Sleep Button: device is a keyboard
[   393.225] (II) event1  - Sleep Button: device removed
[   393.225] (**) Option "config_info" "udev:/sys/devices/LNXSYSTM:00/LNXSLPBN:00/input/input1/event1"
[   393.225] (II) XINPUT: Adding extended input device "Sleep Button" (type: KEYBOARD, id 7)
[   393.225] (**) Option "xkb_model" "pc105"
[   393.225] (**) Option "xkb_layout" "us"
[   393.227] (II) event1  - Sleep Button: is tagged by udev as: Keyboard
[   393.227] (II) event1  - Sleep Button: device is a keyboard
[   393.227] (II) config/udev: Adding input device Video Bus (/dev/input/event3)
[   393.227] (**) Video Bus: Applying InputClass "libinput keyboard catchall"
[   393.227] (II) Using input driver 'libinput' for 'Video Bus'
[   393.230] (II) systemd-logind: got fd for /dev/input/event3 13:67 fd 28 paused 0
[   393.232] (**) Video Bus: always reports core events
[   393.232] (**) Option "Device" "/dev/input/event3"
[   393.232] (**) Option "_source" "server/udev"
[   393.233] (II) event3  - Video Bus: is tagged by udev as: Keyboard
[   393.233] (II) event3  - Video Bus: device is a keyboard
[   393.233] (II) event3  - Video Bus: device removed
[   393.233] (**) Option "config_info" "udev:/sys/devices/LNXSYSTM:00/LNXSYBUS:00/PNP0A03:00/LNXVIDEO:00/input/input4/event3"
[   393.233] (II) XINPUT: Adding extended input device "Video Bus" (type: KEYBOARD, id 8)
[   393.233] (**) Option "xkb_model" "pc105"
[   393.233] (**) Option "xkb_layout" "us"
[   393.234] (II) event3  - Video Bus: is tagged by udev as: Keyboard
[   393.235] (II) event3  - Video Bus: device is a keyboard
[   393.236] (II) config/udev: Adding input device VirtualBox mouse integration (/dev/input/event6)
[   393.236] (**) VirtualBox mouse integration: Applying InputClass "libinput pointer catchall"
[   393.236] (II) Using input driver 'libinput' for 'VirtualBox mouse integration'
[   393.241] (II) systemd-logind: got fd for /dev/input/event6 13:70 fd 29 paused 0
[   393.241] (**) VirtualBox mouse integration: always reports core events
[   393.241] (**) Option "Device" "/dev/input/event6"
[   393.241] (**) Option "_source" "server/udev"
[   393.241] (II) event6  - VirtualBox mouse integration: is tagged by udev as: Mouse
[   393.241] (II) event6  - VirtualBox mouse integration: device is a pointer
[   393.241] (II) event6  - VirtualBox mouse integration: device removed
[   393.241] (**) Option "config_info" "udev:/sys/devices/pci0000:00/0000:00:04.0/input/input7/event6"
[   393.241] (II) XINPUT: Adding extended input device "VirtualBox mouse integration" (type: MOUSE, id 9)
[   393.242] (**) Option "AccelerationScheme" "none"
[   393.242] (**) VirtualBox mouse integration: (accel) selected scheme none/0
[   393.242] (**) VirtualBox mouse integration: (accel) acceleration factor: 2.000
[   393.242] (**) VirtualBox mouse integration: (accel) acceleration threshold: 4
[   393.245] (II) event6  - VirtualBox mouse integration: is tagged by udev as: Mouse
[   393.245] (II) event6  - VirtualBox mouse integration: device is a pointer
[   393.246] (II) config/udev: Adding input device VirtualBox mouse integration (/dev/input/js1)
[   393.246] (II) No input driver specified, ignoring this device.
[   393.246] (II) This device may have been added with another device file.
[   393.246] (II) config/udev: Adding input device VirtualBox USB Tablet (/dev/input/event5)
[   393.246] (**) VirtualBox USB Tablet: Applying InputClass "libinput pointer catchall"
[   393.246] (II) Using input driver 'libinput' for 'VirtualBox USB Tablet'
[   393.304] (II) systemd-logind: got fd for /dev/input/event5 13:69 fd 30 paused 0
[   393.305] (**) VirtualBox USB Tablet: always reports core events
[   393.305] (**) Option "Device" "/dev/input/event5"
[   393.305] (**) Option "_source" "server/udev"
[   393.305] (II) event5  - VirtualBox USB Tablet: is tagged by udev as: Mouse
[   393.305] (II) event5  - VirtualBox USB Tablet: device is a pointer
[   393.305] (II) event5  - VirtualBox USB Tablet: device removed
[   393.305] (**) Option "config_info" "udev:/sys/devices/pci0000:00/0000:00:06.0/usb1/1-1/1-1:1.0/0003:80EE:0021.0001/input/input6/event5"
[   393.305] (II) XINPUT: Adding extended input device "VirtualBox USB Tablet" (type: MOUSE, id 10)
[   393.306] (**) Option "AccelerationScheme" "none"
[   393.306] (**) VirtualBox USB Tablet: (accel) selected scheme none/0
[   393.306] (**) VirtualBox USB Tablet: (accel) acceleration factor: 2.000
[   393.306] (**) VirtualBox USB Tablet: (accel) acceleration threshold: 4
[   393.306] (II) event5  - VirtualBox USB Tablet: is tagged by udev as: Mouse
[   393.306] (II) event5  - VirtualBox USB Tablet: device is a pointer
[   393.307] (II) config/udev: Adding input device VirtualBox USB Tablet (/dev/input/js0)
[   393.307] (II) No input driver specified, ignoring this device.
[   393.307] (II) This device may have been added with another device file.
[   393.308] (II) config/udev: Adding input device VirtualBox USB Tablet (/dev/input/mouse1)
[   393.308] (II) No input driver specified, ignoring this device.
[   393.308] (II) This device may have been added with another device file.
[   393.308] (II) config/udev: Adding input device AT Translated Set 2 keyboard (/dev/input/event2)
[   393.308] (**) AT Translated Set 2 keyboard: Applying InputClass "libinput keyboard catchall"
[   393.308] (II) Using input driver 'libinput' for 'AT Translated Set 2 keyboard'
[   393.309] (II) systemd-logind: got fd for /dev/input/event2 13:66 fd 31 paused 0
[   393.309] (**) AT Translated Set 2 keyboard: always reports core events
[   393.309] (**) Option "Device" "/dev/input/event2"
[   393.309] (**) Option "_source" "server/udev"
[   393.310] (II) event2  - AT Translated Set 2 keyboard: is tagged by udev as: Keyboard
[   393.310] (II) event2  - AT Translated Set 2 keyboard: device is a keyboard
[   393.310] (II) event2  - AT Translated Set 2 keyboard: device removed
[   393.310] (**) Option "config_info" "udev:/sys/devices/platform/i8042/serio0/input/input2/event2"
[   393.310] (II) XINPUT: Adding extended input device "AT Translated Set 2 keyboard" (type: KEYBOARD, id 11)
[   393.310] (**) Option "xkb_model" "pc105"
[   393.310] (**) Option "xkb_layout" "us"
[   393.310] (II) event2  - AT Translated Set 2 keyboard: is tagged by udev as: Keyboard
[   393.310] (II) event2  - AT Translated Set 2 keyboard: device is a keyboard
[   393.311] (II) config/udev: Adding input device ImExPS/2 Generic Explorer Mouse (/dev/input/event4)
[   393.311] (**) ImExPS/2 Generic Explorer Mouse: Applying InputClass "libinput pointer catchall"
[   393.311] (II) Using input driver 'libinput' for 'ImExPS/2 Generic Explorer Mouse'
[   393.315] (II) systemd-logind: got fd for /dev/input/event4 13:68 fd 32 paused 0
[   393.315] (**) ImExPS/2 Generic Explorer Mouse: always reports core events
[   393.315] (**) Option "Device" "/dev/input/event4"
[   393.315] (**) Option "_source" "server/udev"
[   393.315] (II) event4  - ImExPS/2 Generic Explorer Mouse: is tagged by udev as: Mouse
[   393.315] (II) event4  - ImExPS/2 Generic Explorer Mouse: device is a pointer
[   393.316] (II) event4  - ImExPS/2 Generic Explorer Mouse: device removed
[   393.317] (**) Option "config_info" "udev:/sys/devices/platform/i8042/serio1/input/input5/event4"
[   393.317] (II) XINPUT: Adding extended input device "ImExPS/2 Generic Explorer Mouse" (type: MOUSE, id 12)
[   393.318] (**) Option "AccelerationScheme" "none"
[   393.318] (**) ImExPS/2 Generic Explorer Mouse: (accel) selected scheme none/0
[   393.318] (**) ImExPS/2 Generic Explorer Mouse: (accel) acceleration factor: 2.000
[   393.318] (**) ImExPS/2 Generic Explorer Mouse: (accel) acceleration threshold: 4
[   393.319] (II) event4  - ImExPS/2 Generic Explorer Mouse: is tagged by udev as: Mouse
[   393.319] (II) event4  - ImExPS/2 Generic Explorer Mouse: device is a pointer
[   393.320] (II) config/udev: Adding input device ImExPS/2 Generic Explorer Mouse (/dev/input/mouse0)
[   393.320] (II) No input driver specified, ignoring this device.
[   393.320] (II) This device may have been added with another device file.
[   423.634] (II) event4  - ImExPS/2 Generic Explorer Mouse: Enabling spurious button debouncing, see https://wayland.freedesktop.org/libinput/doc/1.10.4/button_debouncing.html for details
[  1113.707] (II) config/udev: removing device VirtualBox USB Tablet
[  1113.722] (**) Option "fd" "30"
[  1113.723] (II) event5  - VirtualBox USB Tablet: device removed
[  1113.754] (II) UnloadModule: "libinput"
[  1113.754] (II) systemd-logind: releasing fd for 13:69
[  1113.756] (EE) systemd-logind: failed to release device: Device not taken
